<?xml version="1.0" encoding="UTF-8"?>
<!-- Generated by org.testng.reporters.JUnitReportReporter -->
<testsuite hostname="MacBookAir" failures="0" tests="1" name="amazon_TestFile.TestScenario7_ProductDetailPage" time="24.179" errors="0" timestamp="2025-01-26T15:48:06 GMT" skipped="0">
  <testcase classname="amazon_TestFile.TestScenario7_ProductDetailPage" name="productdetailpage" time="24.179"/>
  <system-out/>
</testsuite> <!-- amazon_TestFile.TestScenario7_ProductDetailPage -->
