<?xml version="1.0" encoding="UTF-8"?>
<!-- Generated by org.testng.reporters.JUnitReportReporter -->
<testsuite hostname="Kirans-MacBook-Air.local" failures="0" tests="1" name="amazon_TestFile.TestScenario6_SearchProductWithFilters" time="23.253" errors="0" timestamp="2025-02-26T17:32:31 IST" skipped="0">
  <testcase classname="amazon_TestFile.TestScenario6_SearchProductWithFilters" name="searchproductwithfilters" time="23.253"/>
  <system-out/>
</testsuite> <!-- amazon_TestFile.TestScenario6_SearchProductWithFilters -->
