<?xml version="1.0" encoding="UTF-8"?>
<!-- Generated by org.testng.reporters.JUnitReportReporter -->
<testsuite hostname="Kirans-MacBook-Air.local" failures="0" tests="2" name="amazon_TestFile.TestScenario7_ProductDetail" time="62.585" errors="0" timestamp="2025-02-26T22:50:15 IST" skipped="1">
  <testcase classname="amazon_TestFile.TestScenario7_ProductDetail" name="productdetailpage" time="29.217"/>
  <testcase classname="amazon_TestFile.TestScenario7_ProductDetail" name="productdetailpage" time="33.368">
    <skipped/>
  </testcase> <!-- productdetailpage -->
</testsuite> <!-- amazon_TestFile.TestScenario7_ProductDetail -->
