<?xml version="1.0" encoding="UTF-8"?>
<!-- Generated by org.testng.reporters.JUnitReportReporter -->
<testsuite hostname="Kirans-MacBook-Air.local" failures="0" tests="1" name="amazon_TestFile.TestScenario5_SearchProduct" time="26.761" errors="0" timestamp="2025-02-26T22:50:15 IST" skipped="0">
  <testcase classname="amazon_TestFile.TestScenario5_SearchProduct" name="searchproduct" time="26.761"/>
</testsuite> <!-- amazon_TestFile.TestScenario5_SearchProduct -->
