<?xml version="1.0" encoding="UTF-8"?>
<!-- Generated by org.testng.reporters.JUnitReportReporter -->
<testsuite hostname="Kirans-MacBook-Air.local" failures="0" tests="2" name="amazon_TestFile.TestScenario10_UpdatingItemsAndRemovingFromCart" time="86.429" errors="0" timestamp="2025-02-26T22:50:15 IST" skipped="1">
  <testcase classname="amazon_TestFile.TestScenario10_UpdatingItemsAndRemovingFromCart" name="updatingitemsandremovingfromcart" time="33.641">
    <skipped/>
  </testcase> <!-- updatingitemsandremovingfromcart -->
  <testcase classname="amazon_TestFile.TestScenario10_UpdatingItemsAndRemovingFromCart" name="updatingitemsandremovingfromcart" time="52.788"/>
</testsuite> <!-- amazon_TestFile.TestScenario10_UpdatingItemsAndRemovingFromCart -->
