<?xml version="1.0" encoding="UTF-8"?>
<!-- Generated by org.testng.reporters.JUnitReportReporter -->
<testsuite hostname="Kirans-MacBook-Air.local" failures="0" tests="1" name="amazon_TestFile.TestScenario2_SuccessfulSignIn" time="19.772" errors="0" timestamp="2025-02-26T22:50:15 IST" skipped="0">
  <testcase classname="amazon_TestFile.TestScenario2_SuccessfulSignIn" name="successfulsignin" time="19.772"/>
</testsuite> <!-- amazon_TestFile.TestScenario2_SuccessfulSignIn -->
